2025-12-03 00:36:57,617 INFO o.a.j.u.JMeterUtils: Setting Locale to en_EN
2025-12-03 00:36:57,723 INFO o.a.j.JMeter: Loading user properties from: C:\Users\AdMin\Documents\apache-jmeter-5.6.3\bin\user.properties
2025-12-03 00:36:57,726 INFO o.a.j.JMeter: Loading system properties from: C:\Users\AdMin\Documents\apache-jmeter-5.6.3\bin\system.properties
2025-12-03 00:36:57,787 INFO o.a.j.JMeter: Copyright (c) 1998-2024 The Apache Software Foundation
2025-12-03 00:36:57,788 INFO o.a.j.JMeter: Version 5.6.3
2025-12-03 00:36:57,788 INFO o.a.j.JMeter: java.version=17.0.8
2025-12-03 00:36:57,788 INFO o.a.j.JMeter: java.vm.name=Java HotSpot(TM) 64-Bit Server VM
2025-12-03 00:36:57,790 INFO o.a.j.JMeter: os.name=Windows 11
2025-12-03 00:36:57,790 INFO o.a.j.JMeter: os.arch=amd64
2025-12-03 00:36:57,790 INFO o.a.j.JMeter: os.version=10.0
2025-12-03 00:36:57,790 INFO o.a.j.JMeter: file.encoding=Cp1252
2025-12-03 00:36:57,791 INFO o.a.j.JMeter: java.awt.headless=true
2025-12-03 00:36:57,791 INFO o.a.j.JMeter: Max memory     =1073741824
2025-12-03 00:36:57,791 INFO o.a.j.JMeter: Available Processors =8
2025-12-03 00:36:57,829 INFO o.a.j.JMeter: Default Locale=English (EN)
2025-12-03 00:36:57,830 INFO o.a.j.JMeter: JMeter  Locale=English (EN)
2025-12-03 00:36:57,830 INFO o.a.j.JMeter: JMeterHome=C:\Users\AdMin\Documents\apache-jmeter-5.6.3
2025-12-03 00:36:57,830 INFO o.a.j.JMeter: user.dir  =C:\Users\AdMin\Documents\ingenerie-logiciel\master\S3\web services\EventTickets
2025-12-03 00:36:57,832 INFO o.a.j.JMeter: PWD       =C:\Users\AdMin\Documents\ingenerie-logiciel\master\S3\web services\EventTickets
2025-12-03 00:37:07,336 INFO o.a.j.JMeter: IP: 169.254.130.99 Name: DESKTOP-R54TNBM FullName: DESKTOP-R54TNBM
2025-12-03 00:37:07,379 INFO o.a.j.JMeter: Setting property 'jmeter.reportgenerator.outputdir' to:'c:\Users\AdMin\Documents\ingenerie-logiciel\master\S3\web services\EventTickets\TicketInventoryService\jmeter\report_v2'
2025-12-03 00:37:07,389 INFO o.a.j.s.FileServer: Default base='C:\Users\AdMin\Documents\ingenerie-logiciel\master\S3\web services\EventTickets'
2025-12-03 00:37:07,394 INFO o.a.j.s.FileServer: Set new base='c:\Users\AdMin\Documents\ingenerie-logiciel\master\S3\web services\EventTickets\TicketInventoryService\jmeter'
2025-12-03 00:37:08,010 INFO o.a.j.s.SaveService: Testplan (JMX) version: 2.2. Testlog (JTL) version: 2.2
2025-12-03 00:37:08,105 INFO o.a.j.s.SaveService: Using SaveService properties version 5.0
2025-12-03 00:37:08,112 INFO o.a.j.s.SaveService: Using SaveService properties file encoding UTF-8
2025-12-03 00:37:08,121 INFO o.a.j.s.SaveService: Loading file: c:\Users\AdMin\Documents\ingenerie-logiciel\master\S3\web services\EventTickets\TicketInventoryService\jmeter\TicketReservationLoadTest_v2.jmx
2025-12-03 00:37:08,354 INFO o.a.j.p.h.s.HTTPSamplerBase: Parser for text/html is org.apache.jmeter.protocol.http.parser.LagartoBasedHtmlParser
2025-12-03 00:37:08,354 INFO o.a.j.p.h.s.HTTPSamplerBase: Parser for application/xhtml+xml is org.apache.jmeter.protocol.http.parser.LagartoBasedHtmlParser
2025-12-03 00:37:08,355 INFO o.a.j.p.h.s.HTTPSamplerBase: Parser for application/xml is org.apache.jmeter.protocol.http.parser.LagartoBasedHtmlParser
2025-12-03 00:37:08,355 INFO o.a.j.p.h.s.HTTPSamplerBase: Parser for text/xml is org.apache.jmeter.protocol.http.parser.LagartoBasedHtmlParser
2025-12-03 00:37:08,355 INFO o.a.j.p.h.s.HTTPSamplerBase: Parser for text/vnd.wap.wml is org.apache.jmeter.protocol.http.parser.RegexpHTMLParser
2025-12-03 00:37:08,355 INFO o.a.j.p.h.s.HTTPSamplerBase: Parser for text/css is org.apache.jmeter.protocol.http.parser.CssParser
2025-12-03 00:37:08,666 INFO o.a.j.JMeter: Creating summariser <summary>
2025-12-03 00:37:08,681 INFO o.a.j.r.d.ReportGenerator: ReportGenerator will use for Parsing the separator: ','
2025-12-03 00:37:08,682 INFO o.a.j.r.d.ReportGenerator: Will generate report at end of test from  results file: c:\\Users\\AdMin\\Documents\\ingenerie-logiciel\\master\\S3\\web services\\EventTickets\\TicketInventoryService\\jmeter\\results_v2.jtl
2025-12-03 00:37:08,682 INFO o.a.j.r.d.ReportGenerator: Reading report generator properties from: C:\Users\AdMin\Documents\apache-jmeter-5.6.3\bin\reportgenerator.properties
2025-12-03 00:37:08,685 INFO o.a.j.r.d.ReportGenerator: Merging with JMeter properties
2025-12-03 00:37:08,697 INFO o.a.j.r.c.ReportGeneratorConfiguration: Property 'jmeter.reportgenerator.temp_dir' not found, using default value 'temp' instead.
2025-12-03 00:37:08,707 INFO o.a.j.r.c.ReportGeneratorConfiguration: Property 'jmeter.reportgenerator.apdex_per_transaction' not found, using default value 'null' instead.
2025-12-03 00:37:08,708 INFO o.a.j.r.c.ReportGeneratorConfiguration: apdex_per_transaction is empty, not APDEX per transaction customization
2025-12-03 00:37:08,708 INFO o.a.j.r.c.ReportGeneratorConfiguration: Property 'jmeter.reportgenerator.sample_filter' not found, using default value 'null' instead.
2025-12-03 00:37:08,709 INFO o.a.j.r.c.ReportGeneratorConfiguration: Property 'jmeter.reportgenerator.report_title' not found, using default value 'null' instead.
2025-12-03 00:37:08,709 INFO o.a.j.r.c.ReportGeneratorConfiguration: Property 'jmeter.reportgenerator.start_date' not found, using default value 'null' instead.
2025-12-03 00:37:08,709 INFO o.a.j.r.c.ReportGeneratorConfiguration: Property 'jmeter.reportgenerator.end_date' not found, using default value 'null' instead.
2025-12-03 00:37:08,709 INFO o.a.j.r.c.ReportGeneratorConfiguration: Property 'jmeter.reportgenerator.date_format' not found, using default value 'null' instead.
2025-12-03 00:37:08,711 INFO o.a.j.r.c.ReportGeneratorConfiguration: Will use date range start date: null, end date: null
2025-12-03 00:37:08,721 INFO o.a.j.r.c.ReportGeneratorConfiguration: Property 'jmeter.reportgenerator.graph.totalTPS.exclude_controllers' not found, using default value 'false' instead.
2025-12-03 00:37:08,722 INFO o.a.j.r.c.ReportGeneratorConfiguration: Property 'jmeter.reportgenerator.graph.activeThreadsOverTime.exclude_controllers' not found, using default value 'false' instead.
2025-12-03 00:37:08,722 INFO o.a.j.r.c.ReportGeneratorConfiguration: Property 'jmeter.reportgenerator.graph.timeVsThreads.exclude_controllers' not found, using default value 'false' instead.
2025-12-03 00:37:08,722 INFO o.a.j.r.c.ReportGeneratorConfiguration: Property 'jmeter.reportgenerator.graph.responseTimeDistribution.exclude_controllers' not found, using default value 'false' instead.
2025-12-03 00:37:08,722 INFO o.a.j.r.c.ReportGeneratorConfiguration: Property 'jmeter.reportgenerator.graph.transactionsPerSecond.exclude_controllers' not found, using default value 'false' instead.
2025-12-03 00:37:08,723 INFO o.a.j.r.c.ReportGeneratorConfiguration: Property 'jmeter.reportgenerator.graph.responseTimePercentiles.exclude_controllers' not found, using default value 'false' instead.
2025-12-03 00:37:08,723 INFO o.a.j.r.c.ReportGeneratorConfiguration: Property 'jmeter.reportgenerator.graph.responseTimePercentilesOverTime.exclude_controllers' not found, using default value 'false' instead.
2025-12-03 00:37:08,723 INFO o.a.j.r.c.ReportGeneratorConfiguration: Property 'jmeter.reportgenerator.graph.responseTimesOverTime.exclude_controllers' not found, using default value 'false' instead.
2025-12-03 00:37:08,723 INFO o.a.j.r.c.ReportGeneratorConfiguration: Property 'jmeter.reportgenerator.graph.connectTimeOverTime.exclude_controllers' not found, using default value 'false' instead.
2025-12-03 00:37:08,724 INFO o.a.j.r.c.ReportGeneratorConfiguration: Property 'jmeter.reportgenerator.graph.latenciesOverTime.exclude_controllers' not found, using default value 'false' instead.
2025-12-03 00:37:08,726 INFO o.a.j.r.c.ReportGeneratorConfiguration: Property 'jmeter.reportgenerator.exporter.json.filters_only_sample_series' not found, using default value 'true' instead.
2025-12-03 00:37:08,727 INFO o.a.j.r.c.ReportGeneratorConfiguration: Property 'jmeter.reportgenerator.exporter.json.series_filter' not found, using default value '' instead.
2025-12-03 00:37:08,727 INFO o.a.j.r.c.ReportGeneratorConfiguration: Property 'jmeter.reportgenerator.exporter.json.show_controllers_only' not found, using default value 'false' instead.
2025-12-03 00:37:08,729 INFO o.a.j.r.c.ReportGeneratorConfiguration: Property 'jmeter.reportgenerator.exporter.html.filters_only_sample_series' not found, using default value 'true' instead.
2025-12-03 00:37:08,729 INFO o.a.j.r.c.ReportGeneratorConfiguration: Property 'jmeter.reportgenerator.exporter.html.series_filter' not found, using default value '' instead.
2025-12-03 00:37:08,729 INFO o.a.j.r.c.ReportGeneratorConfiguration: Property 'jmeter.reportgenerator.exporter.html.show_controllers_only' not found, using default value 'false' instead.
2025-12-03 00:37:08,766 INFO o.a.j.e.StandardJMeterEngine: Running the test!
2025-12-03 00:37:08,767 INFO o.a.j.s.SampleEvent: List of sample_variables: []
2025-12-03 00:37:08,768 INFO o.a.j.s.SampleEvent: List of sample_variables: []
2025-12-03 00:37:08,781 INFO o.a.j.e.u.CompoundVariable: Note: Function class names must contain the string: '.functions.'
2025-12-03 00:37:08,781 INFO o.a.j.e.u.CompoundVariable: Note: Function class names must not contain the string: '.gui.'
2025-12-03 00:37:09,604 INFO o.a.j.JMeter: Running test (1764718629603)
2025-12-03 00:37:09,607 INFO o.a.j.e.StandardJMeterEngine: Starting setUp thread groups
2025-12-03 00:37:09,607 INFO o.a.j.e.StandardJMeterEngine: Starting setUp ThreadGroup: 1 : setUp - Warm Up Events (Seed Inventory) 
2025-12-03 00:37:09,608 INFO o.a.j.e.StandardJMeterEngine: Starting 5 threads for group setUp - Warm Up Events (Seed Inventory).
2025-12-03 00:37:09,608 INFO o.a.j.e.StandardJMeterEngine: Thread will continue on error
2025-12-03 00:37:09,608 INFO o.a.j.t.ThreadGroup: Starting thread group... number=1 threads=5 ramp-up=1 delayedStart=false
2025-12-03 00:37:09,625 INFO o.a.j.t.ThreadGroup: Started thread group number 1
2025-12-03 00:37:09,625 INFO o.a.j.e.StandardJMeterEngine: Waiting for all setup thread groups to exit
2025-12-03 00:37:09,625 INFO o.a.j.t.JMeterThread: Thread started: setUp - Warm Up Events (Seed Inventory) 1-1
2025-12-03 00:37:09,671 INFO o.a.j.p.h.s.HTTPHCAbstractImpl: Local host = DESKTOP-R54TNBM
2025-12-03 00:37:09,685 INFO o.a.j.p.h.s.HTTPHC4Impl: HTTP request retry count = 0
2025-12-03 00:37:09,690 INFO o.a.j.s.SampleResult: Note: Sample TimeStamps are START times
2025-12-03 00:37:09,691 INFO o.a.j.s.SampleResult: sampleresult.default.encoding is set to UTF-8
2025-12-03 00:37:09,691 INFO o.a.j.s.SampleResult: sampleresult.useNanoTime=true
2025-12-03 00:37:09,691 INFO o.a.j.s.SampleResult: sampleresult.nanoThreadSleep=5000
2025-12-03 00:37:09,817 INFO o.a.j.t.JMeterThread: Thread started: setUp - Warm Up Events (Seed Inventory) 1-2
2025-12-03 00:37:10,014 INFO o.a.j.t.JMeterThread: Thread started: setUp - Warm Up Events (Seed Inventory) 1-3
2025-12-03 00:37:10,213 INFO o.a.j.t.JMeterThread: Thread started: setUp - Warm Up Events (Seed Inventory) 1-4
2025-12-03 00:37:10,411 INFO o.a.j.t.JMeterThread: Thread started: setUp - Warm Up Events (Seed Inventory) 1-5
2025-12-03 00:37:12,354 INFO o.a.j.p.j.s.J.Log Event Availability: Setup: Event 1 has 1000 tickets available
2025-12-03 00:37:12,354 INFO o.a.j.p.j.s.J.Log Event Availability: Setup: Event 1 has 1000 tickets available
2025-12-03 00:37:12,354 INFO o.a.j.p.j.s.J.Log Event Availability: Setup: Event 1 has 1000 tickets available
2025-12-03 00:37:12,354 INFO o.a.j.p.j.s.J.Log Event Availability: Setup: Event 1 has 1000 tickets available
2025-12-03 00:37:12,355 INFO o.a.j.p.j.s.J.Log Event Availability: Setup: Event 1 has 1000 tickets available
2025-12-03 00:37:12,373 INFO o.a.j.t.JMeterThread: Thread is done: setUp - Warm Up Events (Seed Inventory) 1-2
2025-12-03 00:37:12,373 INFO o.a.j.t.JMeterThread: Thread is done: setUp - Warm Up Events (Seed Inventory) 1-5
2025-12-03 00:37:12,373 INFO o.a.j.t.JMeterThread: Thread is done: setUp - Warm Up Events (Seed Inventory) 1-4
2025-12-03 00:37:12,373 INFO o.a.j.t.JMeterThread: Thread is done: setUp - Warm Up Events (Seed Inventory) 1-1
2025-12-03 00:37:12,374 INFO o.a.j.t.JMeterThread: Thread finished: setUp - Warm Up Events (Seed Inventory) 1-2
2025-12-03 00:37:12,374 INFO o.a.j.t.JMeterThread: Thread finished: setUp - Warm Up Events (Seed Inventory) 1-1
2025-12-03 00:37:12,374 INFO o.a.j.t.JMeterThread: Thread finished: setUp - Warm Up Events (Seed Inventory) 1-5
2025-12-03 00:37:12,374 INFO o.a.j.t.JMeterThread: Thread is done: setUp - Warm Up Events (Seed Inventory) 1-3
2025-12-03 00:37:12,374 INFO o.a.j.t.JMeterThread: Thread finished: setUp - Warm Up Events (Seed Inventory) 1-4
2025-12-03 00:37:12,374 INFO o.a.j.t.JMeterThread: Thread finished: setUp - Warm Up Events (Seed Inventory) 1-3
2025-12-03 00:37:12,376 INFO o.a.j.e.StandardJMeterEngine: All Setup Threads have ended
2025-12-03 00:37:12,430 INFO o.a.j.e.StandardJMeterEngine: Starting ThreadGroup: 1 : Reservation Flow - 20 Users
2025-12-03 00:37:12,431 INFO o.a.j.e.StandardJMeterEngine: Starting 20 threads for group Reservation Flow - 20 Users.
2025-12-03 00:37:12,431 INFO o.a.j.e.StandardJMeterEngine: Thread will continue on error
2025-12-03 00:37:12,432 INFO o.a.j.t.ThreadGroup: Starting thread group... number=1 threads=20 ramp-up=20 delayedStart=false
2025-12-03 00:37:12,463 INFO o.a.j.t.JMeterThread: Thread started: Reservation Flow - 20 Users 1-1
2025-12-03 00:37:12,479 INFO o.a.j.t.ThreadGroup: Started thread group number 1
2025-12-03 00:37:12,480 INFO o.a.j.e.StandardJMeterEngine: All thread groups have been started
2025-12-03 00:37:13,454 INFO o.a.j.t.JMeterThread: Thread started: Reservation Flow - 20 Users 1-2
2025-12-03 00:37:14,452 INFO o.a.j.t.JMeterThread: Thread started: Reservation Flow - 20 Users 1-3
2025-12-03 00:37:15,453 INFO o.a.j.t.JMeterThread: Thread started: Reservation Flow - 20 Users 1-4
2025-12-03 00:37:16,450 INFO o.a.j.t.JMeterThread: Thread started: Reservation Flow - 20 Users 1-5
2025-12-03 00:37:17,443 INFO o.a.j.t.JMeterThread: Thread started: Reservation Flow - 20 Users 1-6
2025-12-03 00:37:18,442 INFO o.a.j.t.JMeterThread: Thread started: Reservation Flow - 20 Users 1-7
2025-12-03 00:37:19,444 INFO o.a.j.t.JMeterThread: Thread started: Reservation Flow - 20 Users 1-8
2025-12-03 00:37:20,452 INFO o.a.j.t.JMeterThread: Thread started: Reservation Flow - 20 Users 1-9
2025-12-03 00:37:21,438 INFO o.a.j.t.JMeterThread: Thread started: Reservation Flow - 20 Users 1-10
2025-12-03 00:37:22,438 INFO o.a.j.t.JMeterThread: Thread started: Reservation Flow - 20 Users 1-11
2025-12-03 00:37:23,448 INFO o.a.j.t.JMeterThread: Thread started: Reservation Flow - 20 Users 1-12
2025-12-03 00:37:24,448 INFO o.a.j.t.JMeterThread: Thread started: Reservation Flow - 20 Users 1-13
2025-12-03 00:37:25,443 INFO o.a.j.t.JMeterThread: Thread started: Reservation Flow - 20 Users 1-14
2025-12-03 00:37:26,437 INFO o.a.j.t.JMeterThread: Thread started: Reservation Flow - 20 Users 1-15
2025-12-03 00:37:27,438 INFO o.a.j.t.JMeterThread: Thread started: Reservation Flow - 20 Users 1-16
2025-12-03 00:37:28,437 INFO o.a.j.t.JMeterThread: Thread started: Reservation Flow - 20 Users 1-17
2025-12-03 00:37:29,435 INFO o.a.j.t.JMeterThread: Thread started: Reservation Flow - 20 Users 1-18
2025-12-03 00:37:30,436 INFO o.a.j.t.JMeterThread: Thread started: Reservation Flow - 20 Users 1-19
2025-12-03 00:37:31,436 INFO o.a.j.t.JMeterThread: Thread started: Reservation Flow - 20 Users 1-20
